03/09/2024 12:09:32 PM --- Done page: 1/1
03/09/2024 12:09:32 PM --- Number of posts for page 1: 12
03/09/2024 12:09:32 PM --- Number of posts added on 2024-09-03: 0
03/09/2024 04:29:36 PM --- Done page: 1/1
03/09/2024 04:29:36 PM --- Number of posts for page 1: 12
03/09/2024 04:29:36 PM --- Number of posts added on 2024-09-03: 0
04/09/2024 04:28:02 PM --- Done page: 1/1
04/09/2024 04:28:02 PM --- Number of posts for page 1: 12
04/09/2024 04:28:02 PM --- Number of posts added on 2024-09-04: 0
05/09/2024 04:28:39 PM --- Done page: 1/1
05/09/2024 04:28:39 PM --- Number of posts for page 1: 12
05/09/2024 04:28:39 PM --- Number of posts added on 2024-09-05: 0
07/09/2024 04:26:54 PM --- Done page: 1/1
07/09/2024 04:26:54 PM --- Number of posts for page 1: 12
07/09/2024 04:26:54 PM --- Number of posts added on 2024-09-07: 0
08/09/2024 04:27:21 PM --- Done page: 1/1
08/09/2024 04:27:21 PM --- Number of posts for page 1: 12
08/09/2024 04:27:21 PM --- Number of posts added on 2024-09-08: 0
09/09/2024 04:28:27 PM --- Done page: 1/1
09/09/2024 04:28:27 PM --- Number of posts for page 1: 12
09/09/2024 04:28:27 PM --- Number of posts added on 2024-09-09: 0
10/09/2024 04:28:16 PM --- Done page: 1/1
10/09/2024 04:28:16 PM --- Number of posts for page 1: 12
10/09/2024 04:28:16 PM --- Number of posts added on 2024-09-10: 0
11/09/2024 04:28:35 PM --- Done page: 1/1
11/09/2024 04:28:35 PM --- Number of posts for page 1: 12
11/09/2024 04:28:35 PM --- Number of posts added on 2024-09-11: 0
12/09/2024 04:29:24 PM --- Done page: 1/1
12/09/2024 04:29:24 PM --- Number of posts for page 1: 12
12/09/2024 04:29:24 PM --- Number of posts added on 2024-09-12: 0
13/09/2024 04:27:34 PM --- Done page: 1/1
13/09/2024 04:27:34 PM --- Number of posts for page 1: 12
13/09/2024 04:27:34 PM --- Number of posts added on 2024-09-13: 0
14/09/2024 04:26:45 PM --- Done page: 1/1
14/09/2024 04:26:45 PM --- Number of posts for page 1: 12
14/09/2024 04:26:45 PM --- Number of posts added on 2024-09-14: 0
15/09/2024 04:27:46 PM --- Done page: 1/1
15/09/2024 04:27:46 PM --- Number of posts for page 1: 12
15/09/2024 04:27:46 PM --- Number of posts added on 2024-09-15: 0
16/09/2024 04:29:36 PM --- Done: Ghost job - Nghịch lý đăng tuyển dụng nhưng không tuyển người
16/09/2024 04:29:49 PM --- Done page: 1/1
16/09/2024 04:29:49 PM --- Number of posts for page 1: 12
16/09/2024 04:29:49 PM --- Number of posts added on 2024-09-16: 1
17/09/2024 04:29:16 PM --- Done page: 1/1
17/09/2024 04:29:16 PM --- Number of posts for page 1: 12
17/09/2024 04:29:16 PM --- Number of posts added on 2024-09-17: 0
18/09/2024 04:29:09 PM --- Done page: 1/1
18/09/2024 04:29:09 PM --- Number of posts for page 1: 12
18/09/2024 04:29:09 PM --- Number of posts added on 2024-09-18: 0
19/09/2024 04:29:03 PM --- Done page: 1/1
19/09/2024 04:29:03 PM --- Number of posts for page 1: 12
19/09/2024 04:29:03 PM --- Number of posts added on 2024-09-19: 0
20/09/2024 04:29:12 PM --- Done page: 1/1
20/09/2024 04:29:12 PM --- Number of posts for page 1: 12
20/09/2024 04:29:12 PM --- Number of posts added on 2024-09-20: 0
21/09/2024 04:28:37 PM --- Done page: 1/1
21/09/2024 04:28:37 PM --- Number of posts for page 1: 12
21/09/2024 04:28:37 PM --- Number of posts added on 2024-09-21: 0
22/09/2024 04:26:45 PM --- Done page: 1/1
22/09/2024 04:26:45 PM --- Number of posts for page 1: 12
22/09/2024 04:26:45 PM --- Number of posts added on 2024-09-22: 0
23/09/2024 04:28:54 PM --- Done page: 1/1
23/09/2024 04:28:54 PM --- Number of posts for page 1: 12
23/09/2024 04:28:54 PM --- Number of posts added on 2024-09-23: 0
24/09/2024 04:30:17 PM --- Done page: 1/1
24/09/2024 04:30:17 PM --- Number of posts for page 1: 12
24/09/2024 04:30:17 PM --- Number of posts added on 2024-09-24: 0
25/09/2024 04:32:37 PM --- Done page: 1/1
25/09/2024 04:32:37 PM --- Number of posts for page 1: 12
25/09/2024 04:32:37 PM --- Number of posts added on 2024-09-25: 0
26/09/2024 04:29:57 PM --- Done page: 1/1
26/09/2024 04:29:57 PM --- Number of posts for page 1: 12
26/09/2024 04:29:57 PM --- Number of posts added on 2024-09-26: 0
27/09/2024 04:29:21 PM --- Done page: 1/1
27/09/2024 04:29:21 PM --- Number of posts for page 1: 12
27/09/2024 04:29:21 PM --- Number of posts added on 2024-09-27: 0
28/09/2024 04:27:41 PM --- Done page: 1/1
28/09/2024 04:27:41 PM --- Number of posts for page 1: 12
28/09/2024 04:27:41 PM --- Number of posts added on 2024-09-28: 0
29/09/2024 04:28:13 PM --- Done page: 1/1
29/09/2024 04:28:13 PM --- Number of posts for page 1: 12
29/09/2024 04:28:13 PM --- Number of posts added on 2024-09-29: 0
30/09/2024 04:30:19 PM --- Done page: 1/1
30/09/2024 04:30:19 PM --- Number of posts for page 1: 12
30/09/2024 04:30:19 PM --- Number of posts added on 2024-09-30: 0
01/10/2024 04:31:14 PM --- Done page: 1/1
01/10/2024 04:31:14 PM --- Number of posts for page 1: 12
01/10/2024 04:31:14 PM --- Number of posts added on 2024-10-01: 0
02/10/2024 04:30:10 PM --- Done: Digital footprint - Khi dấu chân quá khứ làm hư hỏng tương lai
02/10/2024 04:30:11 PM --- Done: Milkshake Duck là gì mà có khắp mạng xã hội?
02/10/2024 04:30:20 PM --- Done page: 1/1
02/10/2024 04:30:20 PM --- Number of posts for page 1: 12
02/10/2024 04:30:20 PM --- Number of posts added on 2024-10-02: 2
03/10/2024 04:30:14 PM --- Done page: 1/1
03/10/2024 04:30:14 PM --- Number of posts for page 1: 12
03/10/2024 04:30:14 PM --- Number of posts added on 2024-10-03: 0
04/10/2024 04:30:15 PM --- Done page: 1/1
04/10/2024 04:30:15 PM --- Number of posts for page 1: 12
04/10/2024 04:30:15 PM --- Number of posts added on 2024-10-04: 0
05/10/2024 04:27:47 PM --- Done page: 1/1
05/10/2024 04:27:47 PM --- Number of posts for page 1: 12
05/10/2024 04:27:47 PM --- Number of posts added on 2024-10-05: 0
06/10/2024 04:27:00 PM --- Done page: 1/1
06/10/2024 04:27:00 PM --- Number of posts for page 1: 12
06/10/2024 04:27:00 PM --- Number of posts added on 2024-10-06: 0
07/10/2024 04:29:51 PM --- Done page: 1/1
07/10/2024 04:29:51 PM --- Number of posts for page 1: 12
07/10/2024 04:29:51 PM --- Number of posts added on 2024-10-07: 0
08/10/2024 04:30:53 PM --- Done page: 1/1
08/10/2024 04:30:53 PM --- Number of posts for page 1: 12
08/10/2024 04:30:53 PM --- Number of posts added on 2024-10-08: 0
09/10/2024 04:28:57 PM --- Done page: 1/1
09/10/2024 04:28:57 PM --- Number of posts for page 1: 12
09/10/2024 04:28:57 PM --- Number of posts added on 2024-10-09: 0
10/10/2024 04:29:26 PM --- Done page: 1/1
10/10/2024 04:29:26 PM --- Number of posts for page 1: 12
10/10/2024 04:29:26 PM --- Number of posts added on 2024-10-10: 0
11/10/2024 04:29:11 PM --- Done page: 1/1
11/10/2024 04:29:11 PM --- Number of posts for page 1: 12
11/10/2024 04:29:11 PM --- Number of posts added on 2024-10-11: 0
12/10/2024 04:28:18 PM --- Done page: 1/1
12/10/2024 04:28:18 PM --- Number of posts for page 1: 12
12/10/2024 04:28:18 PM --- Number of posts added on 2024-10-12: 0
13/10/2024 04:27:30 PM --- Done page: 1/1
13/10/2024 04:27:30 PM --- Number of posts for page 1: 12
13/10/2024 04:27:30 PM --- Number of posts added on 2024-10-13: 0
14/10/2024 04:28:53 PM --- Done page: 1/1
14/10/2024 04:28:53 PM --- Number of posts for page 1: 12
14/10/2024 04:28:53 PM --- Number of posts added on 2024-10-14: 0
15/10/2024 04:30:05 PM --- Done page: 1/1
15/10/2024 04:30:05 PM --- Number of posts for page 1: 12
15/10/2024 04:30:05 PM --- Number of posts added on 2024-10-15: 0
16/10/2024 04:30:03 PM --- Done: Silver economy - Khi người cao tuổi “áp đảo” thị trường
16/10/2024 04:30:13 PM --- Done page: 1/1
16/10/2024 04:30:13 PM --- Number of posts for page 1: 12
16/10/2024 04:30:13 PM --- Number of posts added on 2024-10-16: 1
17/10/2024 04:31:08 PM --- Done page: 1/1
17/10/2024 04:31:08 PM --- Number of posts for page 1: 12
17/10/2024 04:31:08 PM --- Number of posts added on 2024-10-17: 0
18/10/2024 04:29:32 PM --- Done page: 1/1
18/10/2024 04:29:32 PM --- Number of posts for page 1: 12
18/10/2024 04:29:32 PM --- Number of posts added on 2024-10-18: 0
19/10/2024 04:28:17 PM --- Done page: 1/1
19/10/2024 04:28:17 PM --- Number of posts for page 1: 12
19/10/2024 04:28:17 PM --- Number of posts added on 2024-10-19: 0
20/10/2024 04:27:35 PM --- Done: Sunday scaries - Thứ hai chưa qua, Chủ nhật đã muốn “vã”
20/10/2024 04:27:48 PM --- Done page: 1/1
20/10/2024 04:27:48 PM --- Number of posts for page 1: 12
20/10/2024 04:27:48 PM --- Number of posts added on 2024-10-20: 1
21/10/2024 04:29:23 PM --- Done page: 1/1
21/10/2024 04:29:23 PM --- Number of posts for page 1: 12
21/10/2024 04:29:23 PM --- Number of posts added on 2024-10-21: 0
22/10/2024 04:30:16 PM --- Done page: 1/1
22/10/2024 04:30:16 PM --- Number of posts for page 1: 12
22/10/2024 04:30:16 PM --- Number of posts added on 2024-10-22: 0
23/10/2024 04:29:54 PM --- Done page: 1/1
23/10/2024 04:29:54 PM --- Number of posts for page 1: 12
23/10/2024 04:29:54 PM --- Number of posts added on 2024-10-23: 0
24/10/2024 04:29:16 PM --- Done page: 1/1
24/10/2024 04:29:16 PM --- Number of posts for page 1: 12
24/10/2024 04:29:16 PM --- Number of posts added on 2024-10-24: 0
25/10/2024 04:29:43 PM --- Done page: 1/1
25/10/2024 04:29:43 PM --- Number of posts for page 1: 12
25/10/2024 04:29:43 PM --- Number of posts added on 2024-10-25: 0
26/10/2024 04:27:17 PM --- Done page: 1/1
26/10/2024 04:27:17 PM --- Number of posts for page 1: 12
26/10/2024 04:27:17 PM --- Number of posts added on 2024-10-26: 0
27/10/2024 04:28:55 PM --- Done page: 1/1
27/10/2024 04:28:55 PM --- Number of posts for page 1: 12
27/10/2024 04:28:55 PM --- Number of posts added on 2024-10-27: 0
28/10/2024 04:30:40 PM --- Done page: 1/1
28/10/2024 04:30:40 PM --- Number of posts for page 1: 12
28/10/2024 04:30:40 PM --- Number of posts added on 2024-10-28: 0
29/10/2024 04:30:51 PM --- Done page: 1/1
29/10/2024 04:30:51 PM --- Number of posts for page 1: 12
29/10/2024 04:30:51 PM --- Number of posts added on 2024-10-29: 0
30/10/2024 04:30:31 PM --- Done page: 1/1
30/10/2024 04:30:31 PM --- Number of posts for page 1: 12
30/10/2024 04:30:31 PM --- Number of posts added on 2024-10-30: 0
31/10/2024 04:30:13 PM --- Done page: 1/1
31/10/2024 04:30:13 PM --- Number of posts for page 1: 12
31/10/2024 04:30:13 PM --- Number of posts added on 2024-10-31: 0
01/11/2024 04:28:43 PM --- Done page: 1/1
01/11/2024 04:28:43 PM --- Number of posts for page 1: 12
01/11/2024 04:28:43 PM --- Number of posts added on 2024-11-01: 0
02/11/2024 04:28:23 PM --- Done page: 1/1
02/11/2024 04:28:23 PM --- Number of posts for page 1: 12
02/11/2024 04:28:23 PM --- Number of posts added on 2024-11-02: 0
03/11/2024 04:27:22 PM --- Done page: 1/1
03/11/2024 04:27:22 PM --- Number of posts for page 1: 12
03/11/2024 04:27:22 PM --- Number of posts added on 2024-11-03: 0
04/11/2024 04:29:03 PM --- Done page: 1/1
04/11/2024 04:29:03 PM --- Number of posts for page 1: 12
04/11/2024 04:29:03 PM --- Number of posts added on 2024-11-04: 0
05/11/2024 04:30:23 PM --- Done page: 1/1
05/11/2024 04:30:23 PM --- Number of posts for page 1: 12
05/11/2024 04:30:23 PM --- Number of posts added on 2024-11-05: 0
06/11/2024 04:29:17 PM --- Done page: 1/1
06/11/2024 04:29:17 PM --- Number of posts for page 1: 12
06/11/2024 04:29:17 PM --- Number of posts added on 2024-11-06: 0
07/11/2024 04:29:14 PM --- Done page: 1/1
07/11/2024 04:29:14 PM --- Number of posts for page 1: 12
07/11/2024 04:29:14 PM --- Number of posts added on 2024-11-07: 0
08/11/2024 04:31:49 PM --- Done page: 1/1
08/11/2024 04:31:49 PM --- Number of posts for page 1: 12
08/11/2024 04:31:49 PM --- Number of posts added on 2024-11-08: 0
09/11/2024 04:26:28 PM --- Done page: 1/1
09/11/2024 04:26:28 PM --- Number of posts for page 1: 12
09/11/2024 04:26:28 PM --- Number of posts added on 2024-11-09: 0
10/11/2024 04:26:19 PM --- Done page: 1/1
10/11/2024 04:26:19 PM --- Number of posts for page 1: 12
10/11/2024 04:26:19 PM --- Number of posts added on 2024-11-10: 0
11/11/2024 04:29:49 PM --- Done page: 1/1
11/11/2024 04:29:49 PM --- Number of posts for page 1: 12
11/11/2024 04:29:49 PM --- Number of posts added on 2024-11-11: 0
12/11/2024 04:30:26 PM --- Done page: 1/1
12/11/2024 04:30:26 PM --- Number of posts for page 1: 12
12/11/2024 04:30:26 PM --- Number of posts added on 2024-11-12: 0
13/11/2024 04:28:40 PM --- Done page: 1/1
13/11/2024 04:28:40 PM --- Number of posts for page 1: 12
13/11/2024 04:28:40 PM --- Number of posts added on 2024-11-13: 0
14/11/2024 04:30:52 PM --- Done page: 1/1
14/11/2024 04:30:52 PM --- Number of posts for page 1: 12
14/11/2024 04:30:52 PM --- Number of posts added on 2024-11-14: 0
15/11/2024 04:30:53 PM --- Done: Brat - Từ “trẻ hư” đến từ khoá hot nhất năm 2024
15/11/2024 04:31:04 PM --- Done page: 1/1
15/11/2024 04:31:04 PM --- Number of posts for page 1: 12
15/11/2024 04:31:04 PM --- Number of posts added on 2024-11-15: 1
16/11/2024 04:29:49 PM --- Done page: 1/1
16/11/2024 04:29:49 PM --- Number of posts for page 1: 12
16/11/2024 04:29:49 PM --- Number of posts added on 2024-11-16: 0
17/11/2024 04:27:13 PM --- Done page: 1/1
17/11/2024 04:27:13 PM --- Number of posts for page 1: 12
17/11/2024 04:27:13 PM --- Number of posts added on 2024-11-17: 0
18/11/2024 04:31:50 PM --- Done page: 1/1
18/11/2024 04:31:50 PM --- Number of posts for page 1: 12
18/11/2024 04:31:50 PM --- Number of posts added on 2024-11-18: 0
19/11/2024 04:30:32 PM --- Done page: 1/1
19/11/2024 04:30:32 PM --- Number of posts for page 1: 12
19/11/2024 04:30:32 PM --- Number of posts added on 2024-11-19: 0
20/11/2024 04:31:37 PM --- Done page: 1/1
20/11/2024 04:31:37 PM --- Number of posts for page 1: 12
20/11/2024 04:31:37 PM --- Number of posts added on 2024-11-20: 0
21/11/2024 04:31:37 PM --- Done page: 1/1
21/11/2024 04:31:37 PM --- Number of posts for page 1: 12
21/11/2024 04:31:37 PM --- Number of posts added on 2024-11-21: 0
22/11/2024 04:31:16 PM --- Done page: 1/1
22/11/2024 04:31:16 PM --- Number of posts for page 1: 12
22/11/2024 04:31:16 PM --- Number of posts added on 2024-11-22: 0
23/11/2024 04:28:10 PM --- Done page: 1/1
23/11/2024 04:28:10 PM --- Number of posts for page 1: 12
23/11/2024 04:28:10 PM --- Number of posts added on 2024-11-23: 0
24/11/2024 04:27:43 PM --- Done: Yapping - Khi “lải nhải” cũng là một kỹ năng
24/11/2024 04:27:55 PM --- Done page: 1/1
24/11/2024 04:27:55 PM --- Number of posts for page 1: 12
24/11/2024 04:27:55 PM --- Number of posts added on 2024-11-24: 1
