23/10/2024 10:02:41 PM --- Done post: Than thân trách phận: Những suy tưởng và ẩn ý đằng sau tiếng kêu trời
23/10/2024 10:02:42 PM --- Done post: Oddly Normal #1: Hành trình Việt ngữ
23/10/2024 10:02:42 PM --- Done post: Giờ giấc cao su: Đừng để thời gian trôi!
23/10/2024 10:02:42 PM --- Done post: Đãi bôi: Đau tai người nghe, sướng mồm người nói
23/10/2024 10:02:43 PM --- Done post: Chợ tạm, chợ cóc và sức mạnh của việc mặc cả trong một thế giới "chợ búa"
23/10/2024 10:02:43 PM --- Done post: Meritocracy: Tư duy "nhân tài làm chủ xã hội" có những vấn đề gì?
23/10/2024 10:02:44 PM --- Done post: "Cân đường hộp sữa" và vì sao quà tặng không bao giờ là miễn phí 
23/10/2024 10:02:44 PM --- Done post: 5 Bài học hàng ngày để trở thành một người khắc kỷ
23/10/2024 10:02:45 PM --- Done post: Bất kỳ ai cũng có quyền định nghĩa tác phẩm nghệ thuật?
23/10/2024 10:05:05 PM --- Done post: Than thân trách phận: Những suy tưởng và ẩn ý đằng sau tiếng kêu trời
23/10/2024 10:05:05 PM --- Done post: Oddly Normal #1: Hành trình Việt ngữ
23/10/2024 10:05:06 PM --- Done post: Giờ giấc cao su: Đừng để thời gian trôi!
23/10/2024 10:05:07 PM --- Done post: Đãi bôi: Đau tai người nghe, sướng mồm người nói
23/10/2024 10:05:07 PM --- Done post: Chợ tạm, chợ cóc và sức mạnh của việc mặc cả trong một thế giới "chợ búa"
23/10/2024 10:05:08 PM --- Done post: Meritocracy: Tư duy "nhân tài làm chủ xã hội" có những vấn đề gì?
23/10/2024 10:05:08 PM --- Done post: "Cân đường hộp sữa" và vì sao quà tặng không bao giờ là miễn phí 
23/10/2024 10:05:09 PM --- Done post: 5 Bài học hàng ngày để trở thành một người khắc kỷ
23/10/2024 10:05:09 PM --- Done post: Bất kỳ ai cũng có quyền định nghĩa tác phẩm nghệ thuật?
23/10/2024 10:05:10 PM --- Done post: Lòng tự ti của bạn được thị trường mua bán ra sao?
23/10/2024 10:05:10 PM --- Done page: 1/3
23/10/2024 10:05:10 PM --- Number of posts for page 1: 10
23/10/2024 10:05:10 PM --- Number of posts added on 2024-10-23: 10
23/10/2024 10:05:11 PM --- Done post: Khi nhiều hơn không đồng nghĩa với tốt hơn
23/10/2024 10:05:11 PM --- Done post: 4 Định luật cho thấy sự trớ trêu của cuộc sống và bài học được rút ra
23/10/2024 10:05:12 PM --- Done post: Làm sao để vận dụng quy luật đảo ngược trong cuộc sống?
23/10/2024 10:05:12 PM --- Done post: Quy luật đảo ngược – Khi cố quá thành "quá cố"
23/10/2024 10:05:13 PM --- Done post: 4 Giai đoạn của cuộc đời
23/10/2024 10:05:14 PM --- Done post: Tư duy phản biện: Không chỉ là "A đúng, B sai"
23/10/2024 10:05:14 PM --- Done post: Trong thời đại “cuồng” năng suất, vì sao chúng ta nghỉ ngơi?
23/10/2024 10:05:15 PM --- Done post: Berserk: Dark Fantasy nói gì về bi kịch tâm lý của thời đại chúng ta?
23/10/2024 10:05:16 PM --- Done post: Chủ nghĩa Vị tha: Khi cho đi cũng là nhận lại
23/10/2024 10:05:16 PM --- Done post: Chủ nghĩa Vị lai: Ước vọng đạp đổ truyền thống để hướng tới tương lai
23/10/2024 10:05:16 PM --- Done page: 2/3
23/10/2024 10:05:16 PM --- Number of posts for page 2: 10
23/10/2024 10:05:16 PM --- Number of posts added on 2024-10-23: 20
23/10/2024 10:05:17 PM --- Done post: 6 Quy tắc trong triết học dao cạo: Làm cách nào tránh được những cuộc tranh luận vô bổ?
23/10/2024 10:05:17 PM --- Done post: Platonic love là gì? Liệu có tồn tại tình yêu không tình dục?
23/10/2024 10:05:18 PM --- Done post: 5 Hiểu lầm thường gặp về chủ nghĩa khắc kỷ
23/10/2024 10:05:18 PM --- Done post: Chủ nghĩa khắc kỷ (stoicism) là gì? Tại sao nó giúp bạn sống tốt hơn?
23/10/2024 10:05:18 PM --- Done page: 3/3
23/10/2024 10:05:18 PM --- Number of posts for page 3: 4
23/10/2024 10:05:18 PM --- Number of posts added on 2024-10-23: 24
23/10/2024 10:06:26 PM --- Done post: Than thân trách phận: Những suy tưởng và ẩn ý đằng sau tiếng kêu trời
23/10/2024 10:06:26 PM --- Done post: Oddly Normal #1: Hành trình Việt ngữ
23/10/2024 10:06:27 PM --- Done post: Giờ giấc cao su: Đừng để thời gian trôi!
23/10/2024 10:06:27 PM --- Done post: Đãi bôi: Đau tai người nghe, sướng mồm người nói
23/10/2024 10:06:28 PM --- Done post: Chợ tạm, chợ cóc và sức mạnh của việc mặc cả trong một thế giới "chợ búa"
23/10/2024 10:06:28 PM --- Done post: Meritocracy: Tư duy "nhân tài làm chủ xã hội" có những vấn đề gì?
23/10/2024 10:06:29 PM --- Done post: "Cân đường hộp sữa" và vì sao quà tặng không bao giờ là miễn phí 
23/10/2024 10:06:29 PM --- Done post: 5 Bài học hàng ngày để trở thành một người khắc kỷ
23/10/2024 10:06:29 PM --- Done post: Bất kỳ ai cũng có quyền định nghĩa tác phẩm nghệ thuật?
23/10/2024 10:06:30 PM --- Done post: Lòng tự ti của bạn được thị trường mua bán ra sao?
23/10/2024 10:06:30 PM --- Done page: 1/3
23/10/2024 10:06:30 PM --- Number of posts for page 1: 10
23/10/2024 10:06:30 PM --- Number of posts added on 2024-10-23: 10
23/10/2024 10:06:31 PM --- Done post: Khi nhiều hơn không đồng nghĩa với tốt hơn
23/10/2024 10:06:31 PM --- Done post: 4 Định luật cho thấy sự trớ trêu của cuộc sống và bài học được rút ra
23/10/2024 10:06:31 PM --- Done post: Làm sao để vận dụng quy luật đảo ngược trong cuộc sống?
23/10/2024 10:06:32 PM --- Done post: Quy luật đảo ngược – Khi cố quá thành "quá cố"
23/10/2024 10:06:32 PM --- Done post: 4 Giai đoạn của cuộc đời
23/10/2024 10:06:33 PM --- Done post: Tư duy phản biện: Không chỉ là "A đúng, B sai"
23/10/2024 10:06:33 PM --- Done post: Trong thời đại “cuồng” năng suất, vì sao chúng ta nghỉ ngơi?
23/10/2024 10:06:34 PM --- Done post: Berserk: Dark Fantasy nói gì về bi kịch tâm lý của thời đại chúng ta?
23/10/2024 10:06:34 PM --- Done post: Chủ nghĩa Vị tha: Khi cho đi cũng là nhận lại
23/10/2024 10:06:34 PM --- Done post: Chủ nghĩa Vị lai: Ước vọng đạp đổ truyền thống để hướng tới tương lai
23/10/2024 10:06:34 PM --- Done page: 2/3
23/10/2024 10:06:34 PM --- Number of posts for page 2: 10
23/10/2024 10:06:34 PM --- Number of posts added on 2024-10-23: 20
23/10/2024 10:06:35 PM --- Done post: 6 Quy tắc trong triết học dao cạo: Làm cách nào tránh được những cuộc tranh luận vô bổ?
23/10/2024 10:06:36 PM --- Done post: Platonic love là gì? Liệu có tồn tại tình yêu không tình dục?
23/10/2024 10:06:36 PM --- Done post: 5 Hiểu lầm thường gặp về chủ nghĩa khắc kỷ
23/10/2024 10:06:37 PM --- Done post: Chủ nghĩa khắc kỷ (stoicism) là gì? Tại sao nó giúp bạn sống tốt hơn?
23/10/2024 10:06:37 PM --- Done page: 3/3
23/10/2024 10:06:37 PM --- Number of posts for page 3: 4
23/10/2024 10:06:37 PM --- Number of posts added on 2024-10-23: 24
23/10/2024 04:46:53 PM --- Done page: 1/1
23/10/2024 04:46:53 PM --- Number of posts for page 1: 10
23/10/2024 04:46:53 PM --- Number of posts added on 2024-10-23: 0
24/10/2024 04:45:35 PM --- Done page: 1/1
24/10/2024 04:45:35 PM --- Number of posts for page 1: 10
24/10/2024 04:45:35 PM --- Number of posts added on 2024-10-24: 0
25/10/2024 04:44:55 PM --- Done page: 1/1
25/10/2024 04:44:55 PM --- Number of posts for page 1: 10
25/10/2024 04:44:55 PM --- Number of posts added on 2024-10-25: 0
26/10/2024 04:42:17 PM --- Done page: 1/1
26/10/2024 04:42:17 PM --- Number of posts for page 1: 10
26/10/2024 04:42:17 PM --- Number of posts added on 2024-10-26: 0
27/10/2024 04:43:14 PM --- Done page: 1/1
27/10/2024 04:43:14 PM --- Number of posts for page 1: 10
27/10/2024 04:43:14 PM --- Number of posts added on 2024-10-27: 0
28/10/2024 04:47:54 PM --- Done page: 1/1
28/10/2024 04:47:54 PM --- Number of posts for page 1: 10
28/10/2024 04:47:54 PM --- Number of posts added on 2024-10-28: 0
29/10/2024 04:46:25 PM --- Done page: 1/1
29/10/2024 04:46:25 PM --- Number of posts for page 1: 10
29/10/2024 04:46:25 PM --- Number of posts added on 2024-10-29: 0
30/10/2024 04:47:35 PM --- Done page: 1/1
30/10/2024 04:47:35 PM --- Number of posts for page 1: 10
30/10/2024 04:47:35 PM --- Number of posts added on 2024-10-30: 0
31/10/2024 04:45:24 PM --- Done page: 1/1
31/10/2024 04:45:24 PM --- Number of posts for page 1: 10
31/10/2024 04:45:24 PM --- Number of posts added on 2024-10-31: 0
01/11/2024 04:43:50 PM --- Done page: 1/1
01/11/2024 04:43:50 PM --- Number of posts for page 1: 10
01/11/2024 04:43:50 PM --- Number of posts added on 2024-11-01: 0
02/11/2024 04:44:44 PM --- Done page: 1/1
02/11/2024 04:44:44 PM --- Number of posts for page 1: 10
02/11/2024 04:44:44 PM --- Number of posts added on 2024-11-02: 0
