02/09/2024 04:08:57 PM --- Done: Silent Treatment: Sự im lặng độc hại đã thao túng ta như thế nào?
02/09/2024 04:08:57 PM --- Done: Tình bạn cong - thẳng và những điểm cộng không phải ai cũng biết 
02/09/2024 04:08:58 PM --- Done: Liệu nỗi sợ và chấn thương tâm lý có thể giúp bạn sống tốt hơn?
02/09/2024 04:08:58 PM --- Done: Laws of Detachment: Cách buông bỏ để thấy đời dễ thở hơn
02/09/2024 04:08:59 PM --- Done: Làm thế nào để tìm được ý nghĩa cuộc sống và giá trị của bản thân?
02/09/2024 04:08:59 PM --- Done: Thói quen và mục tiêu: Điều gì quan trọng hơn?
02/09/2024 04:09:00 PM --- Done: 5 Kiểu suy nghĩ dễ khiến bạn lo lắng quá mức 
02/09/2024 04:09:00 PM --- Done: Guilty pleasure - Đã ưng quá chừng mà sao cứ phải giấu?
02/09/2024 04:09:01 PM --- Done: Cẩm nang giúp bạn “kiến tạo” thói quen tốt
02/09/2024 04:09:01 PM --- Done: 3 Bài học trước khi quyết định trốn khỏi thực tại
02/09/2024 04:09:02 PM --- Done: Có phải “cái tôi lớn” lúc nào cũng không tốt?
02/09/2024 04:09:02 PM --- Done: Fawning: Giải quyết xung đột bằng cách vỗ về đối phương
02/09/2024 04:09:02 PM --- Done page: 1/6
02/09/2024 04:09:02 PM --- Number of posts for page 1: 12
02/09/2024 04:09:02 PM --- Number of posts added on 2024-09-02: 12
02/09/2024 04:09:03 PM --- Done: Positive stress: Làm sao để biến căng thẳng thành động lực?
02/09/2024 04:09:04 PM --- Done: Vì sao bạn yêu ai cũng thấy mình thiệt thòi và bất an hơn?
02/09/2024 04:09:04 PM --- Done: Làm sao để kiểm soát sự ái kỷ trong chính mình?
02/09/2024 04:09:05 PM --- Done: Vì sao có những người bị bạo hành vẫn không rời đi?
02/09/2024 04:09:05 PM --- Done: Điều gì cản trở bạn vượt ra khỏi những giới hạn của chính mình?
02/09/2024 04:09:05 PM --- Done: Điều gì làm con người ta ái kỷ? 
02/09/2024 04:09:06 PM --- Done: Đời sống ẩn danh cũng cần được yêu thương và tôn trọng
02/09/2024 04:09:06 PM --- Done: “Sống thật” với cảm xúc - Mấu chốt giúp bạn thực sự “sống tốt”
02/09/2024 04:09:07 PM --- Done: Cẩm nang "giữ lửa" khi sống chung cùng bạn thân
02/09/2024 04:09:07 PM --- Done: 4 Bước giúp bạn có một trải nghiệm “self-date” tự tin ở nhà hàng
02/09/2024 04:09:08 PM --- Done: Ngộ độc Self-help: Lý do bạn biết mình phải thay đổi, nhưng lại chưa thể thay đổi
02/09/2024 04:09:08 PM --- Done: Yêu bản thân để không đánh mất mình trong thế giới muôn hình vạn trạng
02/09/2024 04:09:08 PM --- Done page: 2/6
02/09/2024 04:09:08 PM --- Number of posts for page 2: 12
02/09/2024 04:09:08 PM --- Number of posts added on 2024-09-02: 24
02/09/2024 04:09:09 PM --- Done: Bạn đã bao giờ cho đi nhiều nhưng chẳng nhận lại bao nhiêu trong tình yêu?
02/09/2024 04:09:10 PM --- Done: High-functioning anxiety - Đừng để bị đánh lừa bởi câu “Tôi ổn”
02/09/2024 04:09:10 PM --- Done: Đừng vội chọn con đường “giải thoát,” vì nơi nương tựa là cả thế giới
02/09/2024 04:09:10 PM --- Done: Đi chơi xa, “trách nhiệm” quá liệu có tốt?
02/09/2024 04:09:11 PM --- Done: Tốt bụng thế nào để không bị lợi dụng lòng tốt?
02/09/2024 04:09:11 PM --- Done: Đi trekking cùng bố mẹ, tại sao không?
02/09/2024 04:09:12 PM --- Done: Học được gì từ những chuyến du lịch khác thường?
02/09/2024 04:09:12 PM --- Done: 4 Bước để có trải nghiệm du lịch “liên thế hệ” đáng nhớ bên bố mẹ
02/09/2024 04:09:13 PM --- Done: Dám yếu đuối: Cách ta biến tổn thương thành mạnh mẽ phi thường
02/09/2024 04:09:13 PM --- Done: Làm sao để thoát khỏi cảm giác phải chiều lòng, đoán ý người khác?
02/09/2024 04:09:14 PM --- Done: “Bội thực Dopamine” - Lý do ta làm gì cũng thấy chán
02/09/2024 04:09:14 PM --- Done: Ra trường xong vẫn mơ hồ tương lai, liệu có phải “thất bại”?
02/09/2024 04:09:14 PM --- Done page: 3/6
02/09/2024 04:09:14 PM --- Number of posts for page 3: 12
02/09/2024 04:09:14 PM --- Number of posts added on 2024-09-02: 36
02/09/2024 04:09:15 PM --- Done: Hygge - Hạnh phúc như một cái ôm
02/09/2024 04:09:15 PM --- Done: Làm sao để thay đổi hình ảnh của bạn trong mắt người khác?
02/09/2024 04:09:16 PM --- Done: Lần đầu du lịch 1 mình: 101 gợi ý để không "một mình"
02/09/2024 04:09:16 PM --- Done: Tận hưởng độc thân có làm ta quay lưng với kết nối tình cảm?
02/09/2024 04:09:17 PM --- Done: 4 Bí quyết cho cuộc sống độc thân nhưng vẫn vui
02/09/2024 04:09:18 PM --- Done: 4 Bước gỡ rối tơ lòng trong quá khứ 
02/09/2024 04:09:18 PM --- Done: Tắm rừng - Liệu pháp mở ra giác quan thứ 6 của hạnh phúc
02/09/2024 04:09:19 PM --- Done: 7 Cách giúp bạn cai nghiện điện thoại dễ dàng hơn
02/09/2024 04:09:19 PM --- Done: Làm thế nào để biến căn nhà thành nơi bạn muốn trở về
02/09/2024 04:09:20 PM --- Done: Học các triết gia định nghĩa của hạnh phúc
02/09/2024 04:09:20 PM --- Done: Dành thời gian cho bản thân mà không thấy tội lỗi
02/09/2024 04:09:20 PM --- Done page: 4/6
02/09/2024 04:09:20 PM --- Number of posts for page 4: 12
02/09/2024 04:09:20 PM --- Number of posts added on 2024-09-02: 47
02/09/2024 04:09:21 PM --- Done: Self-concept: Lời giải cho câu hỏi "Tôi là ai" theo tâm lý học
02/09/2024 04:09:21 PM --- Done: Vì sao bạn cần thanh lọc công nghệ trong thời đại số?
02/09/2024 04:09:21 PM --- Done page: 5/6
02/09/2024 04:09:21 PM --- Number of posts for page 5: 2
02/09/2024 04:09:21 PM --- Number of posts added on 2024-09-02: 49
02/09/2024 04:09:21 PM --- Done page: 6/6
02/09/2024 04:09:21 PM --- Number of posts for page 6: 0
02/09/2024 04:09:21 PM --- Number of posts added on 2024-09-02: 49
03/09/2024 06:35:48 PM --- Done page: 1/1
03/09/2024 06:35:48 PM --- Number of posts for page 1: 12
03/09/2024 06:35:48 PM --- Number of posts added on 2024-09-03: 0
03/09/2024 11:50:27 AM --- Done page: 1/1
03/09/2024 11:50:27 AM --- Number of posts for page 1: 12
03/09/2024 11:50:27 AM --- Number of posts added on 2024-09-03: 0
03/09/2024 04:14:19 PM --- Done page: 1/1
03/09/2024 04:14:19 PM --- Number of posts for page 1: 12
03/09/2024 04:14:19 PM --- Number of posts added on 2024-09-03: 0
04/09/2024 04:13:44 PM --- Done page: 1/1
04/09/2024 04:13:44 PM --- Number of posts for page 1: 12
04/09/2024 04:13:44 PM --- Number of posts added on 2024-09-04: 0
05/09/2024 04:13:38 PM --- Done page: 1/1
05/09/2024 04:13:38 PM --- Number of posts for page 1: 12
05/09/2024 04:13:38 PM --- Number of posts added on 2024-09-05: 0
06/09/2024 04:13:05 PM --- Done page: 1/1
06/09/2024 04:13:05 PM --- Number of posts for page 1: 12
06/09/2024 04:13:05 PM --- Number of posts added on 2024-09-06: 0
07/09/2024 04:12:12 PM --- Done page: 1/1
07/09/2024 04:12:12 PM --- Number of posts for page 1: 12
07/09/2024 04:12:12 PM --- Number of posts added on 2024-09-07: 0
08/09/2024 04:13:32 PM --- Done page: 1/1
08/09/2024 04:13:32 PM --- Number of posts for page 1: 12
08/09/2024 04:13:32 PM --- Number of posts added on 2024-09-08: 0
09/09/2024 04:13:16 PM --- Done page: 1/1
09/09/2024 04:13:16 PM --- Number of posts for page 1: 12
09/09/2024 04:13:16 PM --- Number of posts added on 2024-09-09: 0
10/09/2024 04:13:03 PM --- Done page: 1/1
10/09/2024 04:13:03 PM --- Number of posts for page 1: 12
10/09/2024 04:13:03 PM --- Number of posts added on 2024-09-10: 0
11/09/2024 04:13:36 PM --- Done page: 1/1
11/09/2024 04:13:36 PM --- Number of posts for page 1: 12
11/09/2024 04:13:36 PM --- Number of posts added on 2024-09-11: 0
12/09/2024 04:13:21 PM --- Done page: 1/1
12/09/2024 04:13:21 PM --- Number of posts for page 1: 12
12/09/2024 04:13:21 PM --- Number of posts added on 2024-09-12: 0
13/09/2024 04:12:53 PM --- Done page: 1/1
13/09/2024 04:12:53 PM --- Number of posts for page 1: 12
13/09/2024 04:12:53 PM --- Number of posts added on 2024-09-13: 0
14/09/2024 04:12:38 PM --- Done page: 1/1
14/09/2024 04:12:38 PM --- Number of posts for page 1: 12
14/09/2024 04:12:38 PM --- Number of posts added on 2024-09-14: 0
15/09/2024 04:13:09 PM --- Done page: 1/1
15/09/2024 04:13:09 PM --- Number of posts for page 1: 12
15/09/2024 04:13:09 PM --- Number of posts added on 2024-09-15: 0
16/09/2024 04:13:47 PM --- Done page: 1/1
16/09/2024 04:13:47 PM --- Number of posts for page 1: 12
16/09/2024 04:13:47 PM --- Number of posts added on 2024-09-16: 0
17/09/2024 04:14:03 PM --- Done page: 1/1
17/09/2024 04:14:03 PM --- Number of posts for page 1: 12
17/09/2024 04:14:03 PM --- Number of posts added on 2024-09-17: 0
