23/10/2024 10:12:57 PM --- Done post: Quán quân “Đường lên đỉnh Olympia" có thực sự dùng tiểu xảo như lời đồn?
23/10/2024 10:12:57 PM --- Done post: Han Kang - Đang ăn cơm tối thì... thắng Nobel
23/10/2024 10:12:58 PM --- Done post: Mỳ trà sữa trân châu bắp bò: Sản phẩm sáng tạo hay marketing?
23/10/2024 10:12:58 PM --- Done post: Chuyện gì đang xảy ra với P. Diddy và Justin Bieber?
23/10/2024 10:12:59 PM --- Done post: Công Phượng sang Nhật đá bóng nhưng lại được khen “pha cà phê rất ngon”
23/10/2024 10:12:59 PM --- Done post: Vì sao bão Yagi “sống dai”, tàn phá đến tận Nam Á? 
23/10/2024 10:13:00 PM --- Done post: Nước Úc sắp cấm trẻ em dùng mạng xã hội
23/10/2024 10:13:00 PM --- Done post: Đưa Sao Nhập Ngũ lên màn ảnh cũng là một cuộc chiến
23/10/2024 10:13:01 PM --- Done post: Từ câu chuyện “Sự phẫn nội của người lửa”, đặt câu hỏi về A.I trong giáo dục
23/10/2024 10:13:01 PM --- Done post: "Về nguồn" qua những câu chuyện của bà
23/10/2024 10:13:01 PM --- Done page: 1/11
23/10/2024 10:13:01 PM --- Number of posts for page 1: 10
23/10/2024 10:13:01 PM --- Number of posts added on 2024-10-23: 10
23/10/2024 10:13:02 PM --- Done post: Sao Nhập Ngũ và 5 điều có thể bạn chưa hề biết!
23/10/2024 10:13:02 PM --- Done post: Vì sao CEO của Telegram bị bắt? “Vấn đề kiểm duyệt”
23/10/2024 10:13:03 PM --- Done post: “Hình phạt” cho người độc thân: Thực hư ra sao, hiệu quả liệu đến mức nào?
23/10/2024 10:13:03 PM --- Done post: Nhìn lại những khoảnh khắc đáng nhớ nhất của Olympic 2024
23/10/2024 10:13:04 PM --- Done post: Olympic năm nay “bất ổn”? Chưa là gì so với 120 năm trước đâu
23/10/2024 10:13:05 PM --- Done post: 10 Điều người trẻ cần biết về Tổng Bí thư Nguyễn Phú Trọng
23/10/2024 10:13:05 PM --- Done post: Biểu tình, chất thải sinh học và giường chống QHTD: Vì sao Olympic Paris “bất ổn” đến thế?
23/10/2024 10:13:06 PM --- Done post: Vietcetera Goes Abroad: Một vòng quanh thế giới để kết nối cộng đồng Việt kiều
23/10/2024 10:13:06 PM --- Done post: Toàn cảnh vụ bê bối Burning Sun qua phim tài liệu của BBC
23/10/2024 10:13:07 PM --- Done post: Tôi có hai người bạn từng bị cáo buộc xâm hại tình dục
23/10/2024 10:13:07 PM --- Done page: 2/11
23/10/2024 10:13:07 PM --- Number of posts for page 2: 10
23/10/2024 10:13:07 PM --- Number of posts added on 2024-10-23: 20
23/10/2024 10:13:08 PM --- Done post: VGLF 2024: Tận dụng tiềm lực của kiều bào Việt Nam để phát triển đất nước
23/10/2024 10:13:09 PM --- Done post: Những điều thú vị về Quốc tế Phụ nữ 8/3 mà chắc chắn bạn chưa biết
23/10/2024 10:13:09 PM --- Done post: 4 Thuật ngữ giúp bạn không lỡ nhịp khi nói về HPV
23/10/2024 10:13:10 PM --- Done post: Đến Busan để học kinh doanh, mình bắt đầu bằng công việc làm nông 
23/10/2024 10:13:10 PM --- Done post: Mình thấy điều gì khi “du học” 5 trường đại học Hàn Quốc trong 5 ngày?
23/10/2024 10:13:11 PM --- Done post: Học sinh hành hung cô giáo ở Tuyên Quang: Để yên cho nhà giáo hiền 
23/10/2024 10:13:12 PM --- Done post: "Về nhà": Buổi họp mặt của những người con xa xứ
23/10/2024 10:13:12 PM --- Done post: The Grand Ho Tram chuyển mình với định vị ‘Quận Vui’, mở ra niềm vui và tự do bất tận
23/10/2024 10:13:13 PM --- Done post: Singapore Changi Airport : Khi sân bay trở thành điểm du lịch "hút khách"
23/10/2024 10:13:13 PM --- Done post: Shadowban: Bạn có đang bị Zuck hay Elon "cấm khẩu" mà không hay biết?
23/10/2024 10:13:13 PM --- Done page: 3/11
23/10/2024 10:13:13 PM --- Number of posts for page 3: 10
23/10/2024 10:13:13 PM --- Number of posts added on 2024-10-23: 30
23/10/2024 10:13:14 PM --- Done post: Now and Then - Khúc ca cuối có đặt dấu chấm hết cho The Beatles?
23/10/2024 10:13:15 PM --- Done post: Mùa nóng đã qua nhưng Hà Nội vẫn "hạn hán" nước sạch
23/10/2024 10:13:15 PM --- Done post: Gặp gỡ Ban giám khảo của 'GREEN HORIZON Pitch Contest'
23/10/2024 10:13:16 PM --- Done post: 4 Thuật ngữ để hiểu chuyện gì đang xảy ra giữa Israel và Palestine
23/10/2024 10:13:17 PM --- Done post: Quá khứ đau thương đang lặp lại tại Israel-Palestine
23/10/2024 10:13:17 PM --- Done post: Giáo viên kéo lê học trò: Nhiều hơn chuyện cô, trò, và cái bánh
23/10/2024 10:13:18 PM --- Done post: "Check Var" Chủ tịch Liên đoàn Bóng đá Tây Ban Nha, penalty sút bay ghế
23/10/2024 10:13:19 PM --- Done post: Chuẩn bị những gì đây khi phải chuyển nhà tới trời Tây?
23/10/2024 10:13:19 PM --- Done post: Làm thế nào để tìm được ý nghĩa cuộc sống và giá trị của bản thân?
23/10/2024 10:13:20 PM --- Done post: Ấn Độ trở thành nước đầu tiên hạ cánh tại vùng tối của mặt trăng
23/10/2024 10:13:20 PM --- Done page: 4/11
23/10/2024 10:13:20 PM --- Number of posts for page 4: 10
23/10/2024 10:13:20 PM --- Number of posts added on 2024-10-23: 40
23/10/2024 10:13:21 PM --- Done post: 4 Tin xấu bạn cần biết trong nửa đầu 2023
23/10/2024 10:13:22 PM --- Done post: Ngoài cấm thịt chó, Hà Nội còn những lựa chọn nào khác?
23/10/2024 10:13:22 PM --- Done post: Luyện thi ở lò và một thời để nhớ
23/10/2024 10:13:23 PM --- Done post: Khi học sinh giỏi bị ghét
23/10/2024 10:13:23 PM --- Done post: Điều tra Binance và Coinbase: Còn cửa nào cho tiền mã hóa?
23/10/2024 10:13:24 PM --- Done post: Vẹt cũng biết "video call" để bớt cô đơn
23/10/2024 10:13:24 PM --- Done post: Thương hiệu bia hơn 150 tuổi bắt tay với Hoàng Thùy Linh, 16 Typh và Touliver 
23/10/2024 10:13:25 PM --- Done post: Gặp gỡ 50 doanh nghiệp đầu tư ESG Việt Nam
23/10/2024 10:13:26 PM --- Done post: Mơ ước của bố mẹ 40 năm về trước có thành hiện thực?
23/10/2024 10:13:26 PM --- Done post: Những thành tựu mới nhất của kính James Webb định hình lại hiểu biết về vũ trụ
23/10/2024 10:13:26 PM --- Done page: 5/11
23/10/2024 10:13:26 PM --- Number of posts for page 5: 10
23/10/2024 10:13:26 PM --- Number of posts added on 2024-10-23: 50
23/10/2024 10:13:27 PM --- Done post: Hành trình tìm mình của những người trẻ chơi hệ "tâm linh" ở Việt Nam
23/10/2024 10:13:28 PM --- Done post: Trào lưu "chữa lành", "tìm kiếm bản thân" từ đâu mà ra?
23/10/2024 10:13:28 PM --- Done post: “Van Gogh: The Immersive Experience”: Nghệ Thuật Giữa Lòng Nghệ Thuật
23/10/2024 10:13:29 PM --- Done post: Khi tài liệu mật Mỹ rò rỉ trên Discord, 4Chan, Telegram
23/10/2024 10:13:29 PM --- Done post: Từ "Những đứa trẻ trong sương," vén màn sương định kiến văn hoá
23/10/2024 10:13:30 PM --- Done post: Y tá Úc bị cấm làm OnlyFans và tranh luận về nội dung 18+ có trả phí
23/10/2024 10:13:31 PM --- Done post: Vào hang cùng Manchester United
23/10/2024 10:13:31 PM --- Done post: Nhật Bản đề xuất tăng tuổi đồng thuận tình dục từ 13 lên 16
23/10/2024 10:13:32 PM --- Done post: Di cư vì biến đổi khí hậu toàn cầu: Đâu là tương lai của chúng ta?
23/10/2024 10:13:32 PM --- Done post: Overeducated: Khi bằng cấp bị “rớt giá”
23/10/2024 10:13:32 PM --- Done page: 6/11
23/10/2024 10:13:32 PM --- Number of posts for page 6: 10
23/10/2024 10:13:32 PM --- Number of posts added on 2024-10-23: 60
23/10/2024 10:13:33 PM --- Done post: Động đất ở Thổ Nhĩ Kỳ và Syria: Thương vong có thể lên đến 20.000 người
23/10/2024 10:13:33 PM --- Done post: 5 Cảnh sát Mỹ đánh người đến thiệt mạng: Nên cảnh báo về độ bạo lực khi đưa tin
23/10/2024 10:13:34 PM --- Done post: Tết vẫn tròn dù bao mùa đi qua
23/10/2024 10:13:34 PM --- Done post: Huấn luyện viên Park Hang-seo: 5 năm, 3 dấu ấn, 1 hành trình
23/10/2024 10:13:35 PM --- Done post: Tạm biệt World Cup 2022 với 5 khoảnh khắc ấn tượng 
23/10/2024 10:13:35 PM --- Done post: Binance "lên thớt" với Bộ Tư pháp Hoa Kỳ
23/10/2024 10:13:36 PM --- Done post: Toxic professionalism: Khi sự độc hại núp bóng môi trường chuyên nghiệp
23/10/2024 10:13:37 PM --- Done post: 1,5 Triệu USD bồi thường cáo buộc sai về gian lận thi cử
23/10/2024 10:13:38 PM --- Done post: "Khủng hoảng kết hôn": Không chỉ là câu chuyện của riêng Trung Quốc 
23/10/2024 10:13:39 PM --- Done post: Công nghệ khiến bóng đá công bằng hơn hay thiếu hấp dẫn hơn?
23/10/2024 10:13:39 PM --- Done page: 7/11
23/10/2024 10:13:39 PM --- Number of posts for page 7: 10
23/10/2024 10:13:39 PM --- Number of posts added on 2024-10-23: 70
23/10/2024 10:13:39 PM --- Done post: Hơn 6500 công nhân thiệt mạng để phục vụ cho World Cup Qatar 2022
23/10/2024 10:13:40 PM --- Done post: Câu chuyện Nờ Ô Nô và việc lắng nghe tiếng nói của nhóm yếu thế
23/10/2024 10:13:40 PM --- Done post: Chọn gì giữa ra sân và lên giường?  
23/10/2024 10:13:41 PM --- Done post: Tuổi 35 mình chuẩn bị cho cuộc sống độc thân lâu dài
23/10/2024 10:13:41 PM --- Done post: Tăng cơ hội việc làm CNTT với mạng lưới đối tác của FUNiX
23/10/2024 10:13:42 PM --- Done post: Sau Itaewon, tôi nhận ra mình là người may mắn
23/10/2024 10:13:42 PM --- Done post: Chuyển giờ học chính có ý nghĩa gì khi vẫn phải học thêm?
23/10/2024 10:13:43 PM --- Done post: 5 Tiệm hoa thơ mộng ở Hà Nội để check in đón mùa thu sang
23/10/2024 10:13:44 PM --- Done post: Tìm thấy bản thân khi đi làm kiếm sống trước 18 tuổi
23/10/2024 10:13:44 PM --- Done post: Mình từng bị giáo viên chủ nhiệm “trù” cả 4 năm
23/10/2024 10:13:44 PM --- Done page: 8/11
23/10/2024 10:13:44 PM --- Number of posts for page 8: 10
23/10/2024 10:13:44 PM --- Number of posts added on 2024-10-23: 80
23/10/2024 10:13:45 PM --- Done post: iPhone 14 series ra mắt: Màn hình “viên thuốc” mới khẳng định độ dày của ví bạn
23/10/2024 10:13:45 PM --- Done post: Xin in tư - Dấu hiệu của một trò đùa kém duyên
23/10/2024 10:13:46 PM --- Done post: Từ xã hội không tiền mặt nhớ lại thời “1 nghìn một chiếc cu đơ”
23/10/2024 10:13:47 PM --- Done post: Chiếc quyền trượng ở trường đại học: Cần phải bàn xa hơn câu chuyện thẩm mỹ
23/10/2024 10:13:47 PM --- Done post: 5 Điểm đến quanh Hà Nội để bạn vi vu tận hưởng cuối tuần
23/10/2024 10:13:48 PM --- Done post: 1 Năm trước, Hà Nội giãn cách xã hội lần thứ tư
23/10/2024 10:13:49 PM --- Done post: 5 Thuật ngữ chính trị để hiểu về cuộc khủng hoảng tại Sri Lanka
23/10/2024 10:13:49 PM --- Done post: 4.7 Tỷ năm của vũ trụ qua kính thiên văn James Webb
23/10/2024 10:13:50 PM --- Done post: Nước Nhật thay đổi thế nào sau vụ ám sát Abe Shinzo?
23/10/2024 10:13:50 PM --- Done post: Yu-Gi-Oh! - Tác giả ra đi, kỷ niệm ở lại
23/10/2024 10:13:50 PM --- Done page: 9/11
23/10/2024 10:13:50 PM --- Number of posts for page 9: 10
23/10/2024 10:13:50 PM --- Number of posts added on 2024-10-23: 90
23/10/2024 10:13:51 PM --- Done post: Cựu Thủ tướng Nhật Bản Abe Shinzo qua đời sau khi bị bắn
23/10/2024 10:13:52 PM --- Done post: Làm mới bản thân với 5 workshop mùa hè ở Hà Nội
23/10/2024 10:13:52 PM --- Done post: Tóm Lại Là: Nghệ sĩ Việt bị cáo buộc hiếp dâm ở Tây Ban Nha
23/10/2024 10:13:53 PM --- Done post: 5 Thuật ngữ để có góc nhìn đa chiều về khủng hoảng di cư
23/10/2024 10:13:53 PM --- Done post: “Bẻ khoá” Photoshop có trở thành câu chuyện dĩ vãng?
23/10/2024 10:13:54 PM --- Done post: 46 thi thể trong xe container tại Texas: Cái giá quá đắt cho ước mơ đổi đời
23/10/2024 10:13:55 PM --- Done post: Internet Explorer ơi, vĩnh biệt!
23/10/2024 10:13:55 PM --- Done post: Red Flag Law - "Sao đỏ" kiểm soát người sở hữu súng đạn
23/10/2024 10:13:56 PM --- Done post: Nháy mắt là quấy rối tình dục?
23/10/2024 10:13:56 PM --- Done post: "Anh đợi đi, em tưới cây xong rồi tính."
23/10/2024 10:13:56 PM --- Done page: 10/11
23/10/2024 10:13:56 PM --- Number of posts for page 10: 10
23/10/2024 10:13:56 PM --- Number of posts added on 2024-10-23: 100
23/10/2024 10:13:57 PM --- Done post: Xả súng tại Mỹ: tiếp tục chia buồn tới bao giờ?
23/10/2024 10:13:58 PM --- Done post: Đề văn lớp 8 về xâm hại tình dục trẻ em: Hay nhưng đã đủ để học sinh “cởi mở”?
23/10/2024 10:13:58 PM --- Done post: Nốt lặng trong bản nhạc giao tiếp
23/10/2024 10:13:59 PM --- Done post: Hiểu đúng về chiếm dụng văn hóa cùng Tiến sĩ Lư Thị Thanh Lê
23/10/2024 10:13:59 PM --- Done post: Lại có thêm học sinh tự sát
23/10/2024 10:13:59 PM --- Done page: 11/11
23/10/2024 10:13:59 PM --- Number of posts for page 11: 5
23/10/2024 10:13:59 PM --- Number of posts added on 2024-10-23: 105
23/10/2024 04:49:00 PM --- Done page: 1/1
23/10/2024 04:49:00 PM --- Number of posts for page 1: 10
23/10/2024 04:49:00 PM --- Number of posts added on 2024-10-23: 0
24/10/2024 04:48:05 PM --- Done page: 1/1
24/10/2024 04:48:05 PM --- Number of posts for page 1: 10
24/10/2024 04:48:05 PM --- Number of posts added on 2024-10-24: 0
25/10/2024 04:46:57 PM --- Done page: 1/1
25/10/2024 04:46:57 PM --- Number of posts for page 1: 10
25/10/2024 04:46:57 PM --- Number of posts added on 2024-10-25: 0
26/10/2024 04:44:52 PM --- Done page: 1/1
26/10/2024 04:44:52 PM --- Number of posts for page 1: 10
26/10/2024 04:44:52 PM --- Number of posts added on 2024-10-26: 0
27/10/2024 04:45:48 PM --- Done page: 1/1
27/10/2024 04:45:48 PM --- Number of posts for page 1: 10
27/10/2024 04:45:48 PM --- Number of posts added on 2024-10-27: 0
28/10/2024 04:50:04 PM --- Done page: 1/1
28/10/2024 04:50:04 PM --- Number of posts for page 1: 10
28/10/2024 04:50:04 PM --- Number of posts added on 2024-10-28: 0
29/10/2024 04:48:29 PM --- Done page: 1/1
29/10/2024 04:48:29 PM --- Number of posts for page 1: 10
29/10/2024 04:48:29 PM --- Number of posts added on 2024-10-29: 0
30/10/2024 04:49:43 PM --- Done page: 1/1
30/10/2024 04:49:43 PM --- Number of posts for page 1: 10
30/10/2024 04:49:43 PM --- Number of posts added on 2024-10-30: 0
31/10/2024 04:47:30 PM --- Done page: 1/1
31/10/2024 04:47:30 PM --- Number of posts for page 1: 10
31/10/2024 04:47:30 PM --- Number of posts added on 2024-10-31: 0
01/11/2024 04:46:32 PM --- Done page: 1/1
01/11/2024 04:46:32 PM --- Number of posts for page 1: 10
01/11/2024 04:46:32 PM --- Number of posts added on 2024-11-01: 0
02/11/2024 04:47:22 PM --- Done page: 1/1
02/11/2024 04:47:22 PM --- Number of posts for page 1: 10
02/11/2024 04:47:22 PM --- Number of posts added on 2024-11-02: 0
03/11/2024 04:44:37 PM --- Done page: 1/1
03/11/2024 04:44:37 PM --- Number of posts for page 1: 10
03/11/2024 04:44:37 PM --- Number of posts added on 2024-11-03: 0
04/11/2024 04:46:47 PM --- Done page: 1/1
04/11/2024 04:46:47 PM --- Number of posts for page 1: 10
04/11/2024 04:46:47 PM --- Number of posts added on 2024-11-04: 0
05/11/2024 04:45:18 PM --- Done page: 1/1
05/11/2024 04:45:18 PM --- Number of posts for page 1: 10
05/11/2024 04:45:18 PM --- Number of posts added on 2024-11-05: 0
06/11/2024 04:47:04 PM --- Done page: 1/1
06/11/2024 04:47:04 PM --- Number of posts for page 1: 10
06/11/2024 04:47:04 PM --- Number of posts added on 2024-11-06: 0
07/11/2024 04:47:00 PM --- Done page: 1/1
07/11/2024 04:47:00 PM --- Number of posts for page 1: 10
07/11/2024 04:47:00 PM --- Number of posts added on 2024-11-07: 0
08/11/2024 04:46:44 PM --- Done page: 1/1
08/11/2024 04:46:44 PM --- Number of posts for page 1: 10
08/11/2024 04:46:44 PM --- Number of posts added on 2024-11-08: 0
09/11/2024 04:44:46 PM --- Done page: 1/1
09/11/2024 04:44:46 PM --- Number of posts for page 1: 10
09/11/2024 04:44:46 PM --- Number of posts added on 2024-11-09: 0
10/11/2024 04:43:42 PM --- Done page: 1/1
10/11/2024 04:43:42 PM --- Number of posts for page 1: 10
10/11/2024 04:43:42 PM --- Number of posts added on 2024-11-10: 0
11/11/2024 04:46:25 PM --- Done page: 1/1
11/11/2024 04:46:25 PM --- Number of posts for page 1: 10
11/11/2024 04:46:25 PM --- Number of posts added on 2024-11-11: 0
12/11/2024 04:47:19 PM --- Done page: 1/1
12/11/2024 04:47:19 PM --- Number of posts for page 1: 10
12/11/2024 04:47:19 PM --- Number of posts added on 2024-11-12: 0
13/11/2024 04:47:42 PM --- Done page: 1/1
13/11/2024 04:47:42 PM --- Number of posts for page 1: 10
13/11/2024 04:47:42 PM --- Number of posts added on 2024-11-13: 0
14/11/2024 04:48:37 PM --- Done page: 1/1
14/11/2024 04:48:37 PM --- Number of posts for page 1: 10
14/11/2024 04:48:37 PM --- Number of posts added on 2024-11-14: 0
15/11/2024 04:48:23 PM --- Done page: 1/1
15/11/2024 04:48:23 PM --- Number of posts for page 1: 10
15/11/2024 04:48:23 PM --- Number of posts added on 2024-11-15: 0
16/11/2024 04:47:46 PM --- Done page: 1/1
16/11/2024 04:47:46 PM --- Number of posts for page 1: 10
16/11/2024 04:47:46 PM --- Number of posts added on 2024-11-16: 0
17/11/2024 04:45:42 PM --- Done page: 1/1
17/11/2024 04:45:42 PM --- Number of posts for page 1: 10
17/11/2024 04:45:42 PM --- Number of posts added on 2024-11-17: 0
18/11/2024 04:50:19 PM --- Done page: 1/1
18/11/2024 04:50:19 PM --- Number of posts for page 1: 10
18/11/2024 04:50:19 PM --- Number of posts added on 2024-11-18: 0
19/11/2024 04:49:33 PM --- Done page: 1/1
19/11/2024 04:49:33 PM --- Number of posts for page 1: 10
19/11/2024 04:49:33 PM --- Number of posts added on 2024-11-19: 0
20/11/2024 04:50:04 PM --- Done page: 1/1
20/11/2024 04:50:04 PM --- Number of posts for page 1: 10
20/11/2024 04:50:04 PM --- Number of posts added on 2024-11-20: 0
21/11/2024 04:49:27 PM --- Done page: 1/1
21/11/2024 04:49:27 PM --- Number of posts for page 1: 10
21/11/2024 04:49:27 PM --- Number of posts added on 2024-11-21: 0
22/11/2024 04:48:44 PM --- Done page: 1/1
22/11/2024 04:48:44 PM --- Number of posts for page 1: 10
22/11/2024 04:48:44 PM --- Number of posts added on 2024-11-22: 0
23/11/2024 04:46:52 PM --- Done page: 1/1
23/11/2024 04:46:52 PM --- Number of posts for page 1: 10
23/11/2024 04:46:52 PM --- Number of posts added on 2024-11-23: 0
24/11/2024 04:46:13 PM --- Done page: 1/1
24/11/2024 04:46:13 PM --- Number of posts for page 1: 10
24/11/2024 04:46:13 PM --- Number of posts added on 2024-11-24: 0
25/11/2024 04:49:38 PM --- Done page: 1/1
25/11/2024 04:49:38 PM --- Number of posts for page 1: 10
25/11/2024 04:49:38 PM --- Number of posts added on 2024-11-25: 0
26/11/2024 04:51:11 PM --- Done page: 1/1
26/11/2024 04:51:11 PM --- Number of posts for page 1: 10
26/11/2024 04:51:11 PM --- Number of posts added on 2024-11-26: 0
27/11/2024 04:50:34 PM --- Done page: 1/1
27/11/2024 04:50:34 PM --- Number of posts for page 1: 10
27/11/2024 04:50:34 PM --- Number of posts added on 2024-11-27: 0
28/11/2024 04:49:36 PM --- Done post: Đáng tiền: Chi 6 triệu cho máy nước nóng thông minh để dọn bớt nỗi lo cho tâm trí
28/11/2024 04:49:50 PM --- Done page: 1/1
28/11/2024 04:49:50 PM --- Number of posts for page 1: 10
28/11/2024 04:49:50 PM --- Number of posts added on 2024-11-28: 1
29/11/2024 04:48:44 PM --- Done page: 1/1
29/11/2024 04:48:44 PM --- Number of posts for page 1: 10
29/11/2024 04:48:44 PM --- Number of posts added on 2024-11-29: 0
30/11/2024 04:47:21 PM --- Done page: 1/1
30/11/2024 04:47:21 PM --- Number of posts for page 1: 10
30/11/2024 04:47:21 PM --- Number of posts added on 2024-11-30: 0
01/12/2024 04:46:46 PM --- Done page: 1/1
01/12/2024 04:46:46 PM --- Number of posts for page 1: 10
01/12/2024 04:46:46 PM --- Number of posts added on 2024-12-01: 0
02/12/2024 04:50:54 PM --- Done page: 1/1
02/12/2024 04:50:54 PM --- Number of posts for page 1: 10
02/12/2024 04:50:54 PM --- Number of posts added on 2024-12-02: 0
03/12/2024 04:51:48 PM --- Done page: 1/1
03/12/2024 04:51:48 PM --- Number of posts for page 1: 10
03/12/2024 04:51:48 PM --- Number of posts added on 2024-12-03: 0
04/12/2024 04:52:12 PM --- Done page: 1/1
04/12/2024 04:52:12 PM --- Number of posts for page 1: 10
04/12/2024 04:52:12 PM --- Number of posts added on 2024-12-04: 0
